<?xml version="1.0" encoding="UTF-8"?>
<!-- Generated by org.testng.reporters.JUnitReportReporter -->
<testsuite hostname="LAPTOP-0K49LJKR" name="testCase.LoginTC" tests="2" failures="0" timestamp="10 Mar 2019 13:49:31 GMT" time="75.296" errors="0">
  <testcase name="Logintestcase" time="25.957" classname="testCase.LoginTC"/>
  <testcase name="Logintestcase" time="49.339" classname="testCase.LoginTC"/>
</testsuite> <!-- testCase.LoginTC -->
