<?xml version="1.0" encoding="UTF-8"?>
<!-- Generated by org.testng.reporters.JUnitReportReporter -->
<testsuite hostname="LAPTOP-0K49LJKR" name="testCase.logintestcase.InvalidLoginTest" tests="2" failures="0" timestamp="14 Mar 2019 10:18:07 GMT" time="21.219" errors="0">
  <testcase name="invalidLoginTest" time="11.309" classname="testCase.logintestcase.InvalidLoginTest"/>
  <testcase name="invalidLoginTest" time="9.910" classname="testCase.logintestcase.InvalidLoginTest"/>
</testsuite> <!-- testCase.logintestcase.InvalidLoginTest -->
