<?xml version="1.0" encoding="UTF-8"?>
<!-- Generated by org.testng.reporters.JUnitReportReporter -->
<testsuite hostname="LAPTOP-0K49LJKR" failures="0" tests="2" name="testCase.LoginPageTC" time="28.325" errors="0" timestamp="9 Jan 2019 13:27:06 GMT">
  <testcase classname="testCase.LoginPageTC" name="Logintestcase" time="17.936"/>
  <testcase classname="testCase.LoginPageTC" name="Logintestcase" time="10.389"/>
</testsuite> <!-- testCase.LoginPageTC -->
