<?xml version="1.0" encoding="UTF-8"?>
<!-- Generated by org.testng.reporters.JUnitReportReporter -->
<testsuite hostname="LAPTOP-0K49LJKR" name="testCase.logintestcase.InvalidLoginTest" tests="2" failures="0" timestamp="20 Mar 2019 02:24:00 GMT" time="18.982" errors="0">
  <testcase name="invalidLoginTest" time="8.839" classname="testCase.logintestcase.InvalidLoginTest"/>
  <testcase name="invalidLoginTest" time="10.143" classname="testCase.logintestcase.InvalidLoginTest"/>
</testsuite> <!-- testCase.logintestcase.InvalidLoginTest -->
