<?xml version="1.0" encoding="UTF-8"?>
<!-- Generated by org.testng.reporters.JUnitReportReporter -->
<testsuite hostname="LAPTOP-0K49LJKR" name="testCase.InvalidLoginTest" tests="2" failures="0" timestamp="13 Mar 2019 12:41:24 GMT" time="25.389" errors="0">
  <testcase name="invalidLoginTest" time="15.564" classname="testCase.InvalidLoginTest"/>
  <testcase name="invalidLoginTest" time="9.825" classname="testCase.InvalidLoginTest"/>
</testsuite> <!-- testCase.InvalidLoginTest -->
