<?xml version="1.0" encoding="UTF-8"?>
<!-- Generated by org.testng.reporters.JUnitReportReporter -->
<testsuite hostname="LAPTOP-0K49LJKR" name="testCase.ValidLoginTest" tests="1" failures="0" timestamp="13 Mar 2019 12:41:24 GMT" time="5.469" errors="0">
  <testcase name="validLoginTest" time="5.469" classname="testCase.ValidLoginTest"/>
</testsuite> <!-- testCase.ValidLoginTest -->
