<?xml version="1.0" encoding="UTF-8"?>
<!-- Generated by org.testng.reporters.JUnitReportReporter -->
<testsuite hostname="LAPTOP-0K49LJKR" name="testCase.logintestcase.ValidLoginTest" tests="2" failures="0" timestamp="20 Mar 2019 02:24:00 GMT" time="9.411" errors="0">
  <testcase name="validLoginTest" time="4.452" classname="testCase.logintestcase.ValidLoginTest"/>
  <testcase name="validLoginTest" time="4.959" classname="testCase.logintestcase.ValidLoginTest"/>
</testsuite> <!-- testCase.logintestcase.ValidLoginTest -->
