<?xml version="1.0" encoding="UTF-8"?>
<!-- Generated by org.testng.reporters.JUnitReportReporter -->
<testsuite hostname="LAPTOP-0K49LJKR" name="testCase.myaccounttestcase.MyaccountTC" tests="1" failures="0" timestamp="20 Mar 2019 02:24:00 GMT" time="0.361" errors="0">
  <testcase name="verifyMyAccountpage" time="0.361" classname="testCase.myaccounttestcase.MyaccountTC"/>
</testsuite> <!-- testCase.myaccounttestcase.MyaccountTC -->
