<?xml version="1.0" encoding="UTF-8"?>
<!-- Generated by org.testng.reporters.JUnitReportReporter -->
<testsuite hostname="LAPTOP-0K49LJKR" name="testCase.LoginTC" tests="2" failures="0" timestamp="12 Mar 2019 10:28:52 GMT" time="64.003" errors="0">
  <testcase name="Logintestcase" time="42.371" classname="testCase.LoginTC"/>
  <testcase name="Logintestcase" time="21.632" classname="testCase.LoginTC"/>
</testsuite> <!-- testCase.LoginTC -->
